<?xml version="1.0" encoding="UTF-8"?>
<testng-results ignored="0" total="2" passed="1" failed="1" skipped="0">
  <reporter-output>
    <line>
      <![CDATA[when_environment_is_up_and_working]]>
    </line>
    <line>
      <![CDATA[{
  "categories" : {
    "href" : "https://api.spotify.com/v1/browse/categories?country=IN&offset=0&limit=20",
    "items" : [ {
      "href" : "https://api.spotify.com/v1/browse/categories/toplists",
      "icons" : [ {
        "height" : 275,
        "url" : "https://t.scdn.co/media/derived/toplists_11160599e6a04ac5d6f2757f5511778f_0_0_275_275.jpg",
        "width" : 275
      } ],
      "id" : "toplists",
      "name" : "Top Lists"
    }, {
      "href" : "https://api.spotify.com/v1/browse/categories/0JQ5DAqbMKFHCxg5H5PtqW",
      "icons" : [ {
        "height" : null,
        "url" : "https://t.scdn.co/images/8a0fabf4d537486e9b5a4623c921f77e.jpeg",
        "width" : null
      } ],
      "id" : "0JQ5DAqbMKFHCxg5H5PtqW",
      "name" : "Bollywood"
    }, {
      "href" : "https://api.spotify.com/v1/browse/categories/0JQ5DAqbMKFKSopHMaeIeI",
      "icons" : [ {
        "height" : null,
        "url" : "https://t.scdn.co/images/11e89d14d7844b7eb3d26619cb662a9b.jpeg",
        "width" : null
      } ],
      "id" : "0JQ5DAqbMKFKSopHMaeIeI",
      "name" : "Punjabi"
    }, {
      "href" : "https://api.spotify.com/v1/browse/categories/0JQ5DAqbMKFE33XAyDiPIr",
      "icons" : [ {
        "height" : null,
        "url" : "https://t.scdn.co/images/2117dadfdd254825b3fbc52e3652ed56.jpeg",
        "width" : null
      } ],
      "id" : "0JQ5DAqbMKFE33XAyDiPIr",
      "name" : "Tamil"
    }, {
      "href" : "https://api.spotify.com/v1/browse/categories/0JQ5DAqbMKFIdOwkMWR5at",
      "icons" : [ {
        "height" : null,
        "url" : "https://t.scdn.co/images/96b5132876eb4e818723555ce365cd87.jpeg",
        "width" : null
      } ],
      "id" : "0JQ5DAqbMKFIdOwkMWR5at",
      "name" : "Telugu"
    }, {
      "href" : "https://api.spotify.com/v1/browse/categories/0JQ5DAqbMKFCWjUTdzaG0e",
      "icons" : [ {
        "height" : null,
        "url" : "https://t.scdn.co/images/fe06caf056474bc58862591cd60b57fc.jpeg",
        "width" : null
      } ],
      "id" : "0JQ5DAqbMKFCWjUTdzaG0e",
      "name" : "Indie"
    }, {
      "href" : "https://api.spotify.com/v1/browse/categories/0JQ5DAqbMKFCfObibaOZbv",
      "icons" : [ {
        "height" : null,
        "url" : "https://t.scdn.co/images/0d39395309ba47838ef12ce987f19d16.jpeg",
        "width" : null
      } ],
      "id" : "0JQ5DAqbMKFCfObibaOZbv",
      "name" : "Gaming"
    }, {
      "href" : "https://api.spotify.com/v1/browse/categories/0JQ5DAqbMKFPw634sFwguI",
      "icons" : [ {
        "height" : null,
        "url" : "https://t.scdn.co/images/084155aeaa724ea1bd393a017d67b709",
        "width" : null
      } ],
      "id" : "0JQ5DAqbMKFPw634sFwguI",
      "name" : "EQUAL"
    }, {
      "href" : "https://api.spotify.com/v1/browse/categories/0JQ5DAqbMKFEC4WFtoNRpw",
      "icons" : [ {
        "height" : 274,
        "url" : "https://t.scdn.co/media/derived/pop-274x274_447148649685019f5e2a03a39e78ba52_0_0_274_274.jpg",
        "width" : 274
      } ],
      "id" : "0JQ5DAqbMKFEC4WFtoNRpw",
      "name" : "Pop"
    }, {
      "href" : "https://api.spotify.com/v1/browse/categories/0JQ5DAqbMKFOOxftoKZxod",
      "icons" : [ {
        "height" : null,
        "url" : "https://t.scdn.co/images/c6677aa51acf4121b66b9d1f231bd427.png",
        "width" : null
      } ],
      "id" : "0JQ5DAqbMKFOOxftoKZxod",
      "name" : "RADAR"
    }, {
      "href" : "https://api.spotify.com/v1/browse/categories/0JQ5DAqbMKFImHYGo3eTSg",
      "icons" : [ {
        "height" : null,
        "url" : "https://t.scdn.co/images/16e40e64d2a74fa8a0a020d456e6541d.jpeg",
        "width" : null
      } ],
      "id" : "0JQ5DAqbMKFImHYGo3eTSg",
      "name" : "Fresh Finds"
    }, {
      "href" : "https://api.spotify.com/v1/browse/categories/0JQ5DAqbMKFOx2X0qlR9iG",
      "icons" : [ {
        "height" : null,
        "url" : "https://t.scdn.co/images/713254a577a64338a450481329f0d83f.jpeg",
        "width" : null
      } ],
      "id" : "0JQ5DAqbMKFOx2X0qlR9iG",
      "name" : "Marathi"
    }, {
      "href" : "https://api.spotify.com/v1/browse/categories/0JQ5DAqbMKFLb2EqgLtpjC",
      "icons" : [ {
        "height" : null,
        "url" : "https://t.scdn.co/images/3710b68657574bc79df14bd74629e5ac",
        "width" : null
      } ],
      "id" : "0JQ5DAqbMKFLb2EqgLtpjC",
      "name" : "Wellness"
    }, {
      "href" : "https://api.spotify.com/v1/browse/categories/0JQ5DAqbMKFOTGtSOysEXE",
      "icons" : [ {
        "height" : null,
        "url" : "https://t.scdn.co/images/a1817e719adc4716b8f7a8ccecf64d9b",
        "width" : null
      } ],
      "id" : "0JQ5DAqbMKFOTGtSOysEXE",
      "name" : "Devotional"
    }, {
      "href" : "https://api.spotify.com/v1/browse/categories/0JQ5DAqbMKFAEu5QlAkwvV",
      "icons" : [ {
        "height" : null,
        "url" : "https://t.scdn.co/images/0dcbe54ffb604b37b1ae96223f2524be",
        "width" : null
      } ],
      "id" : "0JQ5DAqbMKFAEu5QlAkwvV",
      "name" : "Indian Classical"
    }, {
      "href" : "https://api.spotify.com/v1/browse/categories/0JQ5DAqbMKFAUsdyVjCQuL",
      "icons" : [ {
        "height" : 274,
        "url" : "https://t.scdn.co/media/derived/romance-274x274_8100794c94847b6d27858bed6fa4d91b_0_0_274_274.jpg",
        "width" : 274
      } ],
      "id" : "0JQ5DAqbMKFAUsdyVjCQuL",
      "name" : "Romance"
    }, {
      "href" : "https://api.spotify.com/v1/browse/categories/0JQ5DAqbMKFDKyRxRDLIbk",
      "icons" : [ {
        "height" : null,
        "url" : "https://t.scdn.co/images/dec76a385201436281efb6796a54f479.jpeg",
        "width" : null
      } ],
      "id" : "0JQ5DAqbMKFDKyRxRDLIbk",
      "name" : "Happy Holidays"
    }, {
      "href" : "https://api.spotify.com/v1/browse/categories/0JQ5DAqbMKFIVNxQgRNSg0",
      "icons" : [ {
        "height" : null,
        "url" : "https://t.scdn.co/images/b611cf5145764c64b80e91ccd5f357c8",
        "width" : null
      } ],
      "id" : "0JQ5DAqbMKFIVNxQgRNSg0",
      "name" : "Decades"
    }, {
      "href" : "https://api.spotify.com/v1/browse/categories/0JQ5DAqbMKFGvOw3O4nLAf",
      "icons" : [ {
        "height" : null,
        "url" : "https://t.scdn.co/images/2078afd91e4d431eb19efc5bee5ab131.jpeg",
        "width" : null
      } ],
      "id" : "0JQ5DAqbMKFGvOw3O4nLAf",
      "name" : "K-Pop"
    }, {
      "href" : "https://api.spotify.com/v1/browse/categories/0JQ5DAqbMKFEOEBCABAxo9",
      "icons" : [ {
        "height" : null,
        "url" : "https://t.scdn.co/images/1a416fb97f5647858c7f09c9cb6e7301",
        "width" : null
      } ],
      "id" : "0JQ5DAqbMKFEOEBCABAxo9",
      "name" : "Netflix"
    } ],
    "limit" : 20,
    "next" : "https://api.spotify.com/v1/browse/categories?country=IN&offset=20&limit=20",
    "offset" : 0,
    "previous" : null,
    "total" : 55
  }
}]]>
    </line>
    <line>
      <![CDATA[user_should_receive_the_response_code]]>
    </line>
    <line>
      <![CDATA[200]]>
    </line>
    <line>
      <![CDATA[when_environment_is_up_and_working]]>
    </line>
    <line>
      <![CDATA[{
  "categories" : {
    "href" : "https://api.spotify.com/v1/browse/categories?country=IN&offset=0&limit=20",
    "items" : [ {
      "href" : "https://api.spotify.com/v1/browse/categories/toplists",
      "icons" : [ {
        "height" : 275,
        "url" : "https://t.scdn.co/media/derived/toplists_11160599e6a04ac5d6f2757f5511778f_0_0_275_275.jpg",
        "width" : 275
      } ],
      "id" : "toplists",
      "name" : "Top Lists"
    }, {
      "href" : "https://api.spotify.com/v1/browse/categories/0JQ5DAqbMKFHCxg5H5PtqW",
      "icons" : [ {
        "height" : null,
        "url" : "https://t.scdn.co/images/8a0fabf4d537486e9b5a4623c921f77e.jpeg",
        "width" : null
      } ],
      "id" : "0JQ5DAqbMKFHCxg5H5PtqW",
      "name" : "Bollywood"
    }, {
      "href" : "https://api.spotify.com/v1/browse/categories/0JQ5DAqbMKFKSopHMaeIeI",
      "icons" : [ {
        "height" : null,
        "url" : "https://t.scdn.co/images/11e89d14d7844b7eb3d26619cb662a9b.jpeg",
        "width" : null
      } ],
      "id" : "0JQ5DAqbMKFKSopHMaeIeI",
      "name" : "Punjabi"
    }, {
      "href" : "https://api.spotify.com/v1/browse/categories/0JQ5DAqbMKFE33XAyDiPIr",
      "icons" : [ {
        "height" : null,
        "url" : "https://t.scdn.co/images/2117dadfdd254825b3fbc52e3652ed56.jpeg",
        "width" : null
      } ],
      "id" : "0JQ5DAqbMKFE33XAyDiPIr",
      "name" : "Tamil"
    }, {
      "href" : "https://api.spotify.com/v1/browse/categories/0JQ5DAqbMKFIdOwkMWR5at",
      "icons" : [ {
        "height" : null,
        "url" : "https://t.scdn.co/images/96b5132876eb4e818723555ce365cd87.jpeg",
        "width" : null
      } ],
      "id" : "0JQ5DAqbMKFIdOwkMWR5at",
      "name" : "Telugu"
    }, {
      "href" : "https://api.spotify.com/v1/browse/categories/0JQ5DAqbMKFCWjUTdzaG0e",
      "icons" : [ {
        "height" : null,
        "url" : "https://t.scdn.co/images/fe06caf056474bc58862591cd60b57fc.jpeg",
        "width" : null
      } ],
      "id" : "0JQ5DAqbMKFCWjUTdzaG0e",
      "name" : "Indie"
    }, {
      "href" : "https://api.spotify.com/v1/browse/categories/0JQ5DAqbMKFCfObibaOZbv",
      "icons" : [ {
        "height" : null,
        "url" : "https://t.scdn.co/images/0d39395309ba47838ef12ce987f19d16.jpeg",
        "width" : null
      } ],
      "id" : "0JQ5DAqbMKFCfObibaOZbv",
      "name" : "Gaming"
    }, {
      "href" : "https://api.spotify.com/v1/browse/categories/0JQ5DAqbMKFPw634sFwguI",
      "icons" : [ {
        "height" : null,
        "url" : "https://t.scdn.co/images/084155aeaa724ea1bd393a017d67b709",
        "width" : null
      } ],
      "id" : "0JQ5DAqbMKFPw634sFwguI",
      "name" : "EQUAL"
    }, {
      "href" : "https://api.spotify.com/v1/browse/categories/0JQ5DAqbMKFEC4WFtoNRpw",
      "icons" : [ {
        "height" : 274,
        "url" : "https://t.scdn.co/media/derived/pop-274x274_447148649685019f5e2a03a39e78ba52_0_0_274_274.jpg",
        "width" : 274
      } ],
      "id" : "0JQ5DAqbMKFEC4WFtoNRpw",
      "name" : "Pop"
    }, {
      "href" : "https://api.spotify.com/v1/browse/categories/0JQ5DAqbMKFOOxftoKZxod",
      "icons" : [ {
        "height" : null,
        "url" : "https://t.scdn.co/images/c6677aa51acf4121b66b9d1f231bd427.png",
        "width" : null
      } ],
      "id" : "0JQ5DAqbMKFOOxftoKZxod",
      "name" : "RADAR"
    }, {
      "href" : "https://api.spotify.com/v1/browse/categories/0JQ5DAqbMKFImHYGo3eTSg",
      "icons" : [ {
        "height" : null,
        "url" : "https://t.scdn.co/images/16e40e64d2a74fa8a0a020d456e6541d.jpeg",
        "width" : null
      } ],
      "id" : "0JQ5DAqbMKFImHYGo3eTSg",
      "name" : "Fresh Finds"
    }, {
      "href" : "https://api.spotify.com/v1/browse/categories/0JQ5DAqbMKFOx2X0qlR9iG",
      "icons" : [ {
        "height" : null,
        "url" : "https://t.scdn.co/images/713254a577a64338a450481329f0d83f.jpeg",
        "width" : null
      } ],
      "id" : "0JQ5DAqbMKFOx2X0qlR9iG",
      "name" : "Marathi"
    }, {
      "href" : "https://api.spotify.com/v1/browse/categories/0JQ5DAqbMKFLb2EqgLtpjC",
      "icons" : [ {
        "height" : null,
        "url" : "https://t.scdn.co/images/3710b68657574bc79df14bd74629e5ac",
        "width" : null
      } ],
      "id" : "0JQ5DAqbMKFLb2EqgLtpjC",
      "name" : "Wellness"
    }, {
      "href" : "https://api.spotify.com/v1/browse/categories/0JQ5DAqbMKFOTGtSOysEXE",
      "icons" : [ {
        "height" : null,
        "url" : "https://t.scdn.co/images/a1817e719adc4716b8f7a8ccecf64d9b",
        "width" : null
      } ],
      "id" : "0JQ5DAqbMKFOTGtSOysEXE",
      "name" : "Devotional"
    }, {
      "href" : "https://api.spotify.com/v1/browse/categories/0JQ5DAqbMKFAEu5QlAkwvV",
      "icons" : [ {
        "height" : null,
        "url" : "https://t.scdn.co/images/0dcbe54ffb604b37b1ae96223f2524be",
        "width" : null
      } ],
      "id" : "0JQ5DAqbMKFAEu5QlAkwvV",
      "name" : "Indian Classical"
    }, {
      "href" : "https://api.spotify.com/v1/browse/categories/0JQ5DAqbMKFAUsdyVjCQuL",
      "icons" : [ {
        "height" : 274,
        "url" : "https://t.scdn.co/media/derived/romance-274x274_8100794c94847b6d27858bed6fa4d91b_0_0_274_274.jpg",
        "width" : 274
      } ],
      "id" : "0JQ5DAqbMKFAUsdyVjCQuL",
      "name" : "Romance"
    }, {
      "href" : "https://api.spotify.com/v1/browse/categories/0JQ5DAqbMKFDKyRxRDLIbk",
      "icons" : [ {
        "height" : null,
        "url" : "https://t.scdn.co/images/dec76a385201436281efb6796a54f479.jpeg",
        "width" : null
      } ],
      "id" : "0JQ5DAqbMKFDKyRxRDLIbk",
      "name" : "Happy Holidays"
    }, {
      "href" : "https://api.spotify.com/v1/browse/categories/0JQ5DAqbMKFIVNxQgRNSg0",
      "icons" : [ {
        "height" : null,
        "url" : "https://t.scdn.co/images/b611cf5145764c64b80e91ccd5f357c8",
        "width" : null
      } ],
      "id" : "0JQ5DAqbMKFIVNxQgRNSg0",
      "name" : "Decades"
    }, {
      "href" : "https://api.spotify.com/v1/browse/categories/0JQ5DAqbMKFGvOw3O4nLAf",
      "icons" : [ {
        "height" : null,
        "url" : "https://t.scdn.co/images/2078afd91e4d431eb19efc5bee5ab131.jpeg",
        "width" : null
      } ],
      "id" : "0JQ5DAqbMKFGvOw3O4nLAf",
      "name" : "K-Pop"
    }, {
      "href" : "https://api.spotify.com/v1/browse/categories/0JQ5DAqbMKFEOEBCABAxo9",
      "icons" : [ {
        "height" : null,
        "url" : "https://t.scdn.co/images/1a416fb97f5647858c7f09c9cb6e7301",
        "width" : null
      } ],
      "id" : "0JQ5DAqbMKFEOEBCABAxo9",
      "name" : "Netflix"
    } ],
    "limit" : 20,
    "next" : "https://api.spotify.com/v1/browse/categories?country=IN&offset=20&limit=20",
    "offset" : 0,
    "previous" : null,
    "total" : 55
  }
}]]>
    </line>
    <line>
      <![CDATA[user_should_receive_the_response_code]]>
    </line>
    <line>
      <![CDATA[200]]>
    </line>
  </reporter-output>
  <suite started-at="2023-01-31T08:03:10 IST" name="All Test Suite" finished-at="2023-01-31T08:03:31 IST" duration-ms="20654">
    <groups>
      <group name="cucumber">
        <method signature="AbstractTestNGCucumberTests.runScenario(io.cucumber.testng.PickleWrapper,io.cucumber.testng.FeatureWrapper)[pri:0, instance:runners.RunTest@7e4d2287]" name="runScenario" class="io.cucumber.testng.AbstractTestNGCucumberTests"/>
      </group> <!-- cucumber -->
    </groups>
    <test started-at="2023-01-31T08:03:10 IST" name="/Users/sushil/Documents/parabanks/APIAutomation/APIAuto2" finished-at="2023-01-31T08:03:31 IST" duration-ms="20654">
      <class name="runners.RunTest">
        <test-method is-config="true" signature="setUpClass(org.testng.ITestContext)[pri:0, instance:runners.RunTest@7e4d2287]" started-at="2023-01-31T08:03:10 IST" name="setUpClass" finished-at="2023-01-31T08:03:12 IST" duration-ms="2152" status="PASS">
          <params>
            <param index="0">
              <value>
                <![CDATA[org.testng.TestRunner@45543b88]]>
              </value>
            </param>
          </params>
          <reporter-output>
          </reporter-output>
        </test-method> <!-- setUpClass -->
        <test-method signature="runScenario(io.cucumber.testng.PickleWrapper,io.cucumber.testng.FeatureWrapper)[pri:0, instance:runners.RunTest@7e4d2287]" started-at="2023-01-31T08:03:12 IST" name="runScenario" description="Runs Cucumber Scenarios" data-provider="scenarios" finished-at="2023-01-31T08:03:25 IST" duration-ms="12519" status="FAIL">
          <params>
            <param index="0">
              <value>
                <![CDATA["browse categories with response code 201"]]>
              </value>
            </param>
            <param index="1">
              <value>
                <![CDATA["spotify browse"]]>
              </value>
            </param>
          </params>
          <exception class="java.lang.RuntimeException">
            <message>
              <![CDATA[
Expected: "201"
     but: was "200"]]>
            </message>
            <full-stacktrace>
              <![CDATA[java.lang.RuntimeException: 
Expected: "201"
     but: was "200"
at stepDefinations.BrowseSteps.user_should_receive_the_response_code(BrowseSteps.java:66)
at ✽.user should receive the response code 201.(file:///Users/sushil/Documents/parabanks/APIAutomation/APIAuto2/src/test/java/features/browseCategories.feature:12)
]]>
            </full-stacktrace>
          </exception> <!-- java.lang.RuntimeException -->
          <reporter-output>
            <line>
              <![CDATA[when_environment_is_up_and_working]]>
            </line>
            <line>
              <![CDATA[{
  "categories" : {
    "href" : "https://api.spotify.com/v1/browse/categories?country=IN&offset=0&limit=20",
    "items" : [ {
      "href" : "https://api.spotify.com/v1/browse/categories/toplists",
      "icons" : [ {
        "height" : 275,
        "url" : "https://t.scdn.co/media/derived/toplists_11160599e6a04ac5d6f2757f5511778f_0_0_275_275.jpg",
        "width" : 275
      } ],
      "id" : "toplists",
      "name" : "Top Lists"
    }, {
      "href" : "https://api.spotify.com/v1/browse/categories/0JQ5DAqbMKFHCxg5H5PtqW",
      "icons" : [ {
        "height" : null,
        "url" : "https://t.scdn.co/images/8a0fabf4d537486e9b5a4623c921f77e.jpeg",
        "width" : null
      } ],
      "id" : "0JQ5DAqbMKFHCxg5H5PtqW",
      "name" : "Bollywood"
    }, {
      "href" : "https://api.spotify.com/v1/browse/categories/0JQ5DAqbMKFKSopHMaeIeI",
      "icons" : [ {
        "height" : null,
        "url" : "https://t.scdn.co/images/11e89d14d7844b7eb3d26619cb662a9b.jpeg",
        "width" : null
      } ],
      "id" : "0JQ5DAqbMKFKSopHMaeIeI",
      "name" : "Punjabi"
    }, {
      "href" : "https://api.spotify.com/v1/browse/categories/0JQ5DAqbMKFE33XAyDiPIr",
      "icons" : [ {
        "height" : null,
        "url" : "https://t.scdn.co/images/2117dadfdd254825b3fbc52e3652ed56.jpeg",
        "width" : null
      } ],
      "id" : "0JQ5DAqbMKFE33XAyDiPIr",
      "name" : "Tamil"
    }, {
      "href" : "https://api.spotify.com/v1/browse/categories/0JQ5DAqbMKFIdOwkMWR5at",
      "icons" : [ {
        "height" : null,
        "url" : "https://t.scdn.co/images/96b5132876eb4e818723555ce365cd87.jpeg",
        "width" : null
      } ],
      "id" : "0JQ5DAqbMKFIdOwkMWR5at",
      "name" : "Telugu"
    }, {
      "href" : "https://api.spotify.com/v1/browse/categories/0JQ5DAqbMKFCWjUTdzaG0e",
      "icons" : [ {
        "height" : null,
        "url" : "https://t.scdn.co/images/fe06caf056474bc58862591cd60b57fc.jpeg",
        "width" : null
      } ],
      "id" : "0JQ5DAqbMKFCWjUTdzaG0e",
      "name" : "Indie"
    }, {
      "href" : "https://api.spotify.com/v1/browse/categories/0JQ5DAqbMKFCfObibaOZbv",
      "icons" : [ {
        "height" : null,
        "url" : "https://t.scdn.co/images/0d39395309ba47838ef12ce987f19d16.jpeg",
        "width" : null
      } ],
      "id" : "0JQ5DAqbMKFCfObibaOZbv",
      "name" : "Gaming"
    }, {
      "href" : "https://api.spotify.com/v1/browse/categories/0JQ5DAqbMKFPw634sFwguI",
      "icons" : [ {
        "height" : null,
        "url" : "https://t.scdn.co/images/084155aeaa724ea1bd393a017d67b709",
        "width" : null
      } ],
      "id" : "0JQ5DAqbMKFPw634sFwguI",
      "name" : "EQUAL"
    }, {
      "href" : "https://api.spotify.com/v1/browse/categories/0JQ5DAqbMKFEC4WFtoNRpw",
      "icons" : [ {
        "height" : 274,
        "url" : "https://t.scdn.co/media/derived/pop-274x274_447148649685019f5e2a03a39e78ba52_0_0_274_274.jpg",
        "width" : 274
      } ],
      "id" : "0JQ5DAqbMKFEC4WFtoNRpw",
      "name" : "Pop"
    }, {
      "href" : "https://api.spotify.com/v1/browse/categories/0JQ5DAqbMKFOOxftoKZxod",
      "icons" : [ {
        "height" : null,
        "url" : "https://t.scdn.co/images/c6677aa51acf4121b66b9d1f231bd427.png",
        "width" : null
      } ],
      "id" : "0JQ5DAqbMKFOOxftoKZxod",
      "name" : "RADAR"
    }, {
      "href" : "https://api.spotify.com/v1/browse/categories/0JQ5DAqbMKFImHYGo3eTSg",
      "icons" : [ {
        "height" : null,
        "url" : "https://t.scdn.co/images/16e40e64d2a74fa8a0a020d456e6541d.jpeg",
        "width" : null
      } ],
      "id" : "0JQ5DAqbMKFImHYGo3eTSg",
      "name" : "Fresh Finds"
    }, {
      "href" : "https://api.spotify.com/v1/browse/categories/0JQ5DAqbMKFOx2X0qlR9iG",
      "icons" : [ {
        "height" : null,
        "url" : "https://t.scdn.co/images/713254a577a64338a450481329f0d83f.jpeg",
        "width" : null
      } ],
      "id" : "0JQ5DAqbMKFOx2X0qlR9iG",
      "name" : "Marathi"
    }, {
      "href" : "https://api.spotify.com/v1/browse/categories/0JQ5DAqbMKFLb2EqgLtpjC",
      "icons" : [ {
        "height" : null,
        "url" : "https://t.scdn.co/images/3710b68657574bc79df14bd74629e5ac",
        "width" : null
      } ],
      "id" : "0JQ5DAqbMKFLb2EqgLtpjC",
      "name" : "Wellness"
    }, {
      "href" : "https://api.spotify.com/v1/browse/categories/0JQ5DAqbMKFOTGtSOysEXE",
      "icons" : [ {
        "height" : null,
        "url" : "https://t.scdn.co/images/a1817e719adc4716b8f7a8ccecf64d9b",
        "width" : null
      } ],
      "id" : "0JQ5DAqbMKFOTGtSOysEXE",
      "name" : "Devotional"
    }, {
      "href" : "https://api.spotify.com/v1/browse/categories/0JQ5DAqbMKFAEu5QlAkwvV",
      "icons" : [ {
        "height" : null,
        "url" : "https://t.scdn.co/images/0dcbe54ffb604b37b1ae96223f2524be",
        "width" : null
      } ],
      "id" : "0JQ5DAqbMKFAEu5QlAkwvV",
      "name" : "Indian Classical"
    }, {
      "href" : "https://api.spotify.com/v1/browse/categories/0JQ5DAqbMKFAUsdyVjCQuL",
      "icons" : [ {
        "height" : 274,
        "url" : "https://t.scdn.co/media/derived/romance-274x274_8100794c94847b6d27858bed6fa4d91b_0_0_274_274.jpg",
        "width" : 274
      } ],
      "id" : "0JQ5DAqbMKFAUsdyVjCQuL",
      "name" : "Romance"
    }, {
      "href" : "https://api.spotify.com/v1/browse/categories/0JQ5DAqbMKFDKyRxRDLIbk",
      "icons" : [ {
        "height" : null,
        "url" : "https://t.scdn.co/images/dec76a385201436281efb6796a54f479.jpeg",
        "width" : null
      } ],
      "id" : "0JQ5DAqbMKFDKyRxRDLIbk",
      "name" : "Happy Holidays"
    }, {
      "href" : "https://api.spotify.com/v1/browse/categories/0JQ5DAqbMKFIVNxQgRNSg0",
      "icons" : [ {
        "height" : null,
        "url" : "https://t.scdn.co/images/b611cf5145764c64b80e91ccd5f357c8",
        "width" : null
      } ],
      "id" : "0JQ5DAqbMKFIVNxQgRNSg0",
      "name" : "Decades"
    }, {
      "href" : "https://api.spotify.com/v1/browse/categories/0JQ5DAqbMKFGvOw3O4nLAf",
      "icons" : [ {
        "height" : null,
        "url" : "https://t.scdn.co/images/2078afd91e4d431eb19efc5bee5ab131.jpeg",
        "width" : null
      } ],
      "id" : "0JQ5DAqbMKFGvOw3O4nLAf",
      "name" : "K-Pop"
    }, {
      "href" : "https://api.spotify.com/v1/browse/categories/0JQ5DAqbMKFEOEBCABAxo9",
      "icons" : [ {
        "height" : null,
        "url" : "https://t.scdn.co/images/1a416fb97f5647858c7f09c9cb6e7301",
        "width" : null
      } ],
      "id" : "0JQ5DAqbMKFEOEBCABAxo9",
      "name" : "Netflix"
    } ],
    "limit" : 20,
    "next" : "https://api.spotify.com/v1/browse/categories?country=IN&offset=20&limit=20",
    "offset" : 0,
    "previous" : null,
    "total" : 55
  }
}]]>
            </line>
            <line>
              <![CDATA[user_should_receive_the_response_code]]>
            </line>
            <line>
              <![CDATA[200]]>
            </line>
          </reporter-output>
        </test-method> <!-- runScenario -->
        <test-method signature="runScenario(io.cucumber.testng.PickleWrapper,io.cucumber.testng.FeatureWrapper)[pri:0, instance:runners.RunTest@7e4d2287]" started-at="2023-01-31T08:03:25 IST" name="runScenario" description="Runs Cucumber Scenarios" data-provider="scenarios" finished-at="2023-01-31T08:03:31 IST" duration-ms="5535" status="PASS">
          <params>
            <param index="0">
              <value>
                <![CDATA["browse all the categories"]]>
              </value>
            </param>
            <param index="1">
              <value>
                <![CDATA["spotify browse"]]>
              </value>
            </param>
          </params>
          <reporter-output>
            <line>
              <![CDATA[when_environment_is_up_and_working]]>
            </line>
            <line>
              <![CDATA[{
  "categories" : {
    "href" : "https://api.spotify.com/v1/browse/categories?country=IN&offset=0&limit=20",
    "items" : [ {
      "href" : "https://api.spotify.com/v1/browse/categories/toplists",
      "icons" : [ {
        "height" : 275,
        "url" : "https://t.scdn.co/media/derived/toplists_11160599e6a04ac5d6f2757f5511778f_0_0_275_275.jpg",
        "width" : 275
      } ],
      "id" : "toplists",
      "name" : "Top Lists"
    }, {
      "href" : "https://api.spotify.com/v1/browse/categories/0JQ5DAqbMKFHCxg5H5PtqW",
      "icons" : [ {
        "height" : null,
        "url" : "https://t.scdn.co/images/8a0fabf4d537486e9b5a4623c921f77e.jpeg",
        "width" : null
      } ],
      "id" : "0JQ5DAqbMKFHCxg5H5PtqW",
      "name" : "Bollywood"
    }, {
      "href" : "https://api.spotify.com/v1/browse/categories/0JQ5DAqbMKFKSopHMaeIeI",
      "icons" : [ {
        "height" : null,
        "url" : "https://t.scdn.co/images/11e89d14d7844b7eb3d26619cb662a9b.jpeg",
        "width" : null
      } ],
      "id" : "0JQ5DAqbMKFKSopHMaeIeI",
      "name" : "Punjabi"
    }, {
      "href" : "https://api.spotify.com/v1/browse/categories/0JQ5DAqbMKFE33XAyDiPIr",
      "icons" : [ {
        "height" : null,
        "url" : "https://t.scdn.co/images/2117dadfdd254825b3fbc52e3652ed56.jpeg",
        "width" : null
      } ],
      "id" : "0JQ5DAqbMKFE33XAyDiPIr",
      "name" : "Tamil"
    }, {
      "href" : "https://api.spotify.com/v1/browse/categories/0JQ5DAqbMKFIdOwkMWR5at",
      "icons" : [ {
        "height" : null,
        "url" : "https://t.scdn.co/images/96b5132876eb4e818723555ce365cd87.jpeg",
        "width" : null
      } ],
      "id" : "0JQ5DAqbMKFIdOwkMWR5at",
      "name" : "Telugu"
    }, {
      "href" : "https://api.spotify.com/v1/browse/categories/0JQ5DAqbMKFCWjUTdzaG0e",
      "icons" : [ {
        "height" : null,
        "url" : "https://t.scdn.co/images/fe06caf056474bc58862591cd60b57fc.jpeg",
        "width" : null
      } ],
      "id" : "0JQ5DAqbMKFCWjUTdzaG0e",
      "name" : "Indie"
    }, {
      "href" : "https://api.spotify.com/v1/browse/categories/0JQ5DAqbMKFCfObibaOZbv",
      "icons" : [ {
        "height" : null,
        "url" : "https://t.scdn.co/images/0d39395309ba47838ef12ce987f19d16.jpeg",
        "width" : null
      } ],
      "id" : "0JQ5DAqbMKFCfObibaOZbv",
      "name" : "Gaming"
    }, {
      "href" : "https://api.spotify.com/v1/browse/categories/0JQ5DAqbMKFPw634sFwguI",
      "icons" : [ {
        "height" : null,
        "url" : "https://t.scdn.co/images/084155aeaa724ea1bd393a017d67b709",
        "width" : null
      } ],
      "id" : "0JQ5DAqbMKFPw634sFwguI",
      "name" : "EQUAL"
    }, {
      "href" : "https://api.spotify.com/v1/browse/categories/0JQ5DAqbMKFEC4WFtoNRpw",
      "icons" : [ {
        "height" : 274,
        "url" : "https://t.scdn.co/media/derived/pop-274x274_447148649685019f5e2a03a39e78ba52_0_0_274_274.jpg",
        "width" : 274
      } ],
      "id" : "0JQ5DAqbMKFEC4WFtoNRpw",
      "name" : "Pop"
    }, {
      "href" : "https://api.spotify.com/v1/browse/categories/0JQ5DAqbMKFOOxftoKZxod",
      "icons" : [ {
        "height" : null,
        "url" : "https://t.scdn.co/images/c6677aa51acf4121b66b9d1f231bd427.png",
        "width" : null
      } ],
      "id" : "0JQ5DAqbMKFOOxftoKZxod",
      "name" : "RADAR"
    }, {
      "href" : "https://api.spotify.com/v1/browse/categories/0JQ5DAqbMKFImHYGo3eTSg",
      "icons" : [ {
        "height" : null,
        "url" : "https://t.scdn.co/images/16e40e64d2a74fa8a0a020d456e6541d.jpeg",
        "width" : null
      } ],
      "id" : "0JQ5DAqbMKFImHYGo3eTSg",
      "name" : "Fresh Finds"
    }, {
      "href" : "https://api.spotify.com/v1/browse/categories/0JQ5DAqbMKFOx2X0qlR9iG",
      "icons" : [ {
        "height" : null,
        "url" : "https://t.scdn.co/images/713254a577a64338a450481329f0d83f.jpeg",
        "width" : null
      } ],
      "id" : "0JQ5DAqbMKFOx2X0qlR9iG",
      "name" : "Marathi"
    }, {
      "href" : "https://api.spotify.com/v1/browse/categories/0JQ5DAqbMKFLb2EqgLtpjC",
      "icons" : [ {
        "height" : null,
        "url" : "https://t.scdn.co/images/3710b68657574bc79df14bd74629e5ac",
        "width" : null
      } ],
      "id" : "0JQ5DAqbMKFLb2EqgLtpjC",
      "name" : "Wellness"
    }, {
      "href" : "https://api.spotify.com/v1/browse/categories/0JQ5DAqbMKFOTGtSOysEXE",
      "icons" : [ {
        "height" : null,
        "url" : "https://t.scdn.co/images/a1817e719adc4716b8f7a8ccecf64d9b",
        "width" : null
      } ],
      "id" : "0JQ5DAqbMKFOTGtSOysEXE",
      "name" : "Devotional"
    }, {
      "href" : "https://api.spotify.com/v1/browse/categories/0JQ5DAqbMKFAEu5QlAkwvV",
      "icons" : [ {
        "height" : null,
        "url" : "https://t.scdn.co/images/0dcbe54ffb604b37b1ae96223f2524be",
        "width" : null
      } ],
      "id" : "0JQ5DAqbMKFAEu5QlAkwvV",
      "name" : "Indian Classical"
    }, {
      "href" : "https://api.spotify.com/v1/browse/categories/0JQ5DAqbMKFAUsdyVjCQuL",
      "icons" : [ {
        "height" : 274,
        "url" : "https://t.scdn.co/media/derived/romance-274x274_8100794c94847b6d27858bed6fa4d91b_0_0_274_274.jpg",
        "width" : 274
      } ],
      "id" : "0JQ5DAqbMKFAUsdyVjCQuL",
      "name" : "Romance"
    }, {
      "href" : "https://api.spotify.com/v1/browse/categories/0JQ5DAqbMKFDKyRxRDLIbk",
      "icons" : [ {
        "height" : null,
        "url" : "https://t.scdn.co/images/dec76a385201436281efb6796a54f479.jpeg",
        "width" : null
      } ],
      "id" : "0JQ5DAqbMKFDKyRxRDLIbk",
      "name" : "Happy Holidays"
    }, {
      "href" : "https://api.spotify.com/v1/browse/categories/0JQ5DAqbMKFIVNxQgRNSg0",
      "icons" : [ {
        "height" : null,
        "url" : "https://t.scdn.co/images/b611cf5145764c64b80e91ccd5f357c8",
        "width" : null
      } ],
      "id" : "0JQ5DAqbMKFIVNxQgRNSg0",
      "name" : "Decades"
    }, {
      "href" : "https://api.spotify.com/v1/browse/categories/0JQ5DAqbMKFGvOw3O4nLAf",
      "icons" : [ {
        "height" : null,
        "url" : "https://t.scdn.co/images/2078afd91e4d431eb19efc5bee5ab131.jpeg",
        "width" : null
      } ],
      "id" : "0JQ5DAqbMKFGvOw3O4nLAf",
      "name" : "K-Pop"
    }, {
      "href" : "https://api.spotify.com/v1/browse/categories/0JQ5DAqbMKFEOEBCABAxo9",
      "icons" : [ {
        "height" : null,
        "url" : "https://t.scdn.co/images/1a416fb97f5647858c7f09c9cb6e7301",
        "width" : null
      } ],
      "id" : "0JQ5DAqbMKFEOEBCABAxo9",
      "name" : "Netflix"
    } ],
    "limit" : 20,
    "next" : "https://api.spotify.com/v1/browse/categories?country=IN&offset=20&limit=20",
    "offset" : 0,
    "previous" : null,
    "total" : 55
  }
}]]>
            </line>
            <line>
              <![CDATA[user_should_receive_the_response_code]]>
            </line>
            <line>
              <![CDATA[200]]>
            </line>
          </reporter-output>
        </test-method> <!-- runScenario -->
        <test-method is-config="true" signature="tearDownClass()[pri:0, instance:runners.RunTest@7e4d2287]" started-at="2023-01-31T08:03:31 IST" name="tearDownClass" finished-at="2023-01-31T08:03:31 IST" duration-ms="83" status="PASS">
          <reporter-output>
          </reporter-output>
        </test-method> <!-- tearDownClass -->
        <test-method is-config="true" signature="teardown()[pri:0, instance:runners.RunTest@7e4d2287]" started-at="2023-01-31T08:03:31 IST" name="teardown" finished-at="2023-01-31T08:03:31 IST" duration-ms="34" status="FAIL">
          <exception class="java.lang.NullPointerException">
            <full-stacktrace>
              <![CDATA[java.lang.NullPointerException
at extentSetup.Extent.extentFlush(Extent.java:116)
at runners.RunTest.teardown(RunTest.java:22)
at java.base/jdk.internal.reflect.NativeMethodAccessorImpl.invoke0(Native Method)
at java.base/jdk.internal.reflect.NativeMethodAccessorImpl.invoke(NativeMethodAccessorImpl.java:62)
at java.base/jdk.internal.reflect.DelegatingMethodAccessorImpl.invoke(DelegatingMethodAccessorImpl.java:43)
at java.base/java.lang.reflect.Method.invoke(Method.java:566)
at org.testng.internal.invokers.MethodInvocationHelper.invokeMethod(MethodInvocationHelper.java:139)
at org.testng.internal.invokers.MethodInvocationHelper.invokeMethodConsideringTimeout(MethodInvocationHelper.java:69)
at org.testng.internal.invokers.ConfigInvoker.invokeConfigurationMethod(ConfigInvoker.java:361)
at org.testng.internal.invokers.ConfigInvoker.invokeConfigurations(ConfigInvoker.java:296)
at org.testng.SuiteRunner.privateRun(SuiteRunner.java:404)
at org.testng.SuiteRunner.run(SuiteRunner.java:330)
at org.testng.SuiteRunnerWorker.runSuite(SuiteRunnerWorker.java:52)
at org.testng.SuiteRunnerWorker.run(SuiteRunnerWorker.java:95)
at org.testng.TestNG.runSuitesSequentially(TestNG.java:1256)
at org.testng.TestNG.runSuitesLocally(TestNG.java:1176)
at org.testng.TestNG.runSuites(TestNG.java:1099)
at org.testng.TestNG.run(TestNG.java:1067)
at com.intellij.rt.testng.IDEARemoteTestNG.run(IDEARemoteTestNG.java:66)
at com.intellij.rt.testng.RemoteTestNGStarter.main(RemoteTestNGStarter.java:109)
]]>
            </full-stacktrace>
          </exception> <!-- java.lang.NullPointerException -->
          <reporter-output>
          </reporter-output>
        </test-method> <!-- teardown -->
      </class> <!-- runners.RunTest -->
    </test> <!-- /Users/sushil/Documents/parabanks/APIAutomation/APIAuto2 -->
  </suite> <!-- All Test Suite -->
</testng-results>
